19:02:40 M: 56782848  NOTICE: -----------------------------------------------------------------------
19:02:40 M: 56762368  NOTICE: Starting XBMC4Xbox 3.5.1-r32990 (SVN:32990, compiler 1310). Built on May 31 2015
19:02:40 M: 56762368  NOTICE: special://xbmc/ is mapped to: Q:\
19:02:40 M: 56762368  NOTICE: special://masterprofile/ is mapped to: Q:\UserData
19:02:40 M: 56762368  NOTICE: special://home/ is mapped to: Q:\
19:02:40 M: 56762368  NOTICE: special://temp/ is mapped to: Z:\
19:02:40 M: 56762368  NOTICE: The executable running is: E:\apps\XBMC4XBOX-3.5.1\XBMC\default.xbe
19:02:40 M: 56762368  NOTICE: Log File is located: Q:\xbmc.log
19:02:40 M: 56762368  NOTICE: -----------------------------------------------------------------------
19:02:40 M: 56762368  NOTICE: Unmapped drive T
19:02:40 M: 56762368  NOTICE: Mapping drive T to Harddisk0\Partition1\apps\XBMC4XBOX-3.5.1\XBMC\UserData\
19:02:40 M: 56762368  NOTICE: Setup DirectX
19:02:40 M: 56733696  NOTICE: Mapping drive C to Harddisk0\Partition2
19:02:40 M: 56733696  NOTICE: Mapping drive E to Harddisk0\Partition1
19:02:40 M: 56733696  NOTICE: Unmapped drive D
19:02:40 M: 56733696  NOTICE: Mapping drive D to Cdrom0
19:02:40 M: 56733696  NOTICE:   map extended drive F:
19:02:41 M: 56733696  NOTICE: Mapping drive F to Harddisk0\Partition6
19:02:41 M: 56733696  NOTICE:   map extended drive R:
19:02:41 M: 56733696  NOTICE: Mapping drive R to Harddisk0\Partition8
19:02:41 M: 56733696  NOTICE: Mapping drive X to Harddisk0\Partition3
19:02:41 M: 56733696  NOTICE: Mapping drive Y to Harddisk0\Partition4
19:02:41 M: 56733696  NOTICE: Unmapped drive Z
19:02:41 M: 56733696  NOTICE: Mapping drive Z to Harddisk0\Partition5
19:02:41 M: 56733696  NOTICE: load settings...
19:02:41 M: 56733696  NOTICE: Mapping drive P to Harddisk0\Partition1\apps\XBMC4XBOX-3.5.1\XBMC\UserData\
19:02:41 M: 56733696  NOTICE: special://profile/ is mapped to: special://masterprofile/
19:02:41 M: 56733696  NOTICE: loading special://masterprofile/guisettings.xml
19:02:41 M: 56352768  NOTICE: Getting hardware information now...
19:02:41 M: 56352768  NOTICE: Checking resolution 10
19:02:41 M: 56352768  NOTICE: Setting autoresolution mode 3
19:02:41 M: 56352768  NOTICE: Loading player core factory settings from special://xbmc/system/playercorefactory.xml.
19:02:41 M: 56328192  NOTICE: Loaded playercorefactory configuration
19:02:41 M: 56307712  NOTICE: Loading player core factory settings from special://masterprofile/playercorefactory.xml.
19:02:41 M: 56307712  NOTICE: special://masterprofile/playercorefactory.xml does not exist. Skipping.
19:02:41 M: 56307712  NOTICE: No advancedsettings.xml to load (special://masterprofile/advancedsettings.xml)
19:02:41 M: 56307712  NOTICE: Default Video Player: dvdplayer
19:02:41 M: 56307712  NOTICE: Default Audio Player: paplayer
19:02:41 M: 56307712  NOTICE: Per AV pack settings are off
19:02:41 M: 56635392  NOTICE: special://masterprofile/sources.xml
19:02:41 M: 56332288   ERROR: CSkinInfo::Check(special://xbmc/skin/r-c-m) version is to old (1.000000 versus 2.100000)
19:02:41 M: 50163712  NOTICE: Network: Using DHCP IP settings
19:02:41 M: 49844224  NOTICE: Using idle thread with HLT (power saving)
19:02:42 M: 49831936  NOTICE: Checking the Date!
19:02:42 M: 49831936  NOTICE: start dvd mediatype detection
19:02:42 M: 49766400  NOTICE: initializing playlistplayer
19:02:42 M: 49766400  NOTICE: DONE initializing playlistplayer
19:02:42 M: 49758208  NOTICE: load default skin:[r-c-m]
19:02:42 M: 49745920   ERROR: Couldn't load Q:\skin\r-c-m\PAL\Font.xml
19:02:42 M: 49745920   ERROR: CSkinInfo::Check(Q:\skin\r-c-m) version is to old (1.000000 versus 2.100000)
19:02:42 M: 49745920   ERROR: failed to load home.xml for skin:r-c-m, fallback to "Confluence Lite" skin
19:02:43 M: 45031424  NOTICE: initialize done
19:02:43 M: 45031424  NOTICE: Running the application...
19:02:44 M: 42987520   ERROR: PICTURE: Error loading image special://skin/backgrounds/Lime.xpr/skindefault.jpg
19:02:44 M: 42987520  NOTICE: XBFileZilla: Starting...
19:02:44 M: 42909696  NOTICE: ES: Starting event server
19:02:44 M: 42364928  NOTICE: ES: Starting UDP Event server on 0.0.0.0:9777
19:02:44 M: 42348544  NOTICE: UDP: Listening on port 9777
19:02:46 M: 41713664  NOTICE: XBFileZilla: Started
19:02:53 M: 42221568   ERROR: PICTURE: Error loading image special://skin/backgrounds/Lime.xpr/skindefault.jpg
19:02:53 M: 41078784   ERROR: PICTURE: Error loading image special://skin/backgrounds/Lime.xpr/settings.jpg
19:02:54 M: 42008576   ERROR: PICTURE: Error loading image special://skin/backgrounds/Lime.xpr/skindefault.jpg
19:03:03 M: 40984576 WARNING: old getenv from python.lib called, library check needed
Previous line repeats 3 times.
19:03:24 M: 35483648 WARNING: -->Python Initialized<--
19:03:25 M: 34967552   ERROR: Error Type: <type 'exceptions.IOError'>
19:03:25 M: 34967552   ERROR: Error Contents: (2, 'No such file or directory', 'Q://skin/rapier-clarity-mod/scripts/HomeCustomSettings/HomeNormal/Home.xml')
19:03:25 M: 34967552   ERROR: Traceback (most recent call last):
                                              File "Q:\skin\rapier clarity mod\scripts\HomeCustomSettings\HomeNormal\RevertBack.py", line 10, in <module>
                                                shutil.copyfile(new_HomeOriginal ,old_HomeOriginal)
                                              File "Q:\system\python\python27.zlib\shutil.py", line 82, in copyfile
                                                with open(src, 'rb') as fsrc:
                                            IOError: (2, 'No such file or directory', 'Q://skin/rapier-clarity-mod/scripts/HomeCustomSettings/HomeNormal/Home.xml')
